<?xml version="1.0" encoding="UTF-8"?>
<!-- Generated by org.testng.reporters.JUnitReportReporter -->
<testsuite hostname="Vyankatesh" failures="0" tests="1" name="rest_assured.Headers1" time="1.326" errors="0" timestamp="2024-02-05T17:09:11 IST" skipped="0">
  <testcase classname="rest_assured.Headers1" name="headerTest" time="1.326"/>
  <system-out/>
</testsuite> <!-- rest_assured.Headers1 -->
