<?xml version="1.0" encoding="UTF-8"?>
<!-- Generated by org.testng.reporters.JUnitReportReporter -->
<testsuite hostname="Vyankatesh" failures="0" tests="1" name="rest_assured.Potapi" time="1.661" errors="0" timestamp="2024-02-04T18:25:38 IST" skipped="0">
  <testcase classname="rest_assured.Potapi" name="createData" time="1.661"/>
  <system-out/>
</testsuite> <!-- rest_assured.Potapi -->
