<?xml version="1.0" encoding="UTF-8"?>
<!-- Generated by org.testng.reporters.JUnitReportReporter -->
<testsuite hostname="Vyankatesh" failures="0" tests="1" name="rest_assured.APIPREAPAREDBOWN" time="0.971" errors="0" timestamp="2024-02-05T13:57:57 IST" skipped="0">
  <testcase classname="rest_assured.APIPREAPAREDBOWN" name="updatedATA" time="0.971"/>
  <system-out/>
</testsuite> <!-- rest_assured.APIPREAPAREDBOWN -->
