<?xml version="1.0" encoding="UTF-8"?>
<!-- Generated by org.testng.reporters.JUnitReportReporter -->
<testsuite hostname="Vyankatesh" failures="0" tests="1" name="rest_assured.Restday1" time="1.276" errors="0" timestamp="2024-02-04T17:52:45 IST" skipped="0">
  <testcase classname="rest_assured.Restday1" name="fethUser" time="1.276"/>
  <system-out/>
</testsuite> <!-- rest_assured.Restday1 -->
