<?xml version="1.0" encoding="UTF-8"?>
<!-- Generated by org.testng.reporters.JUnitReportReporter -->
<testsuite hostname="Vyankatesh" failures="0" tests="1" name="rest_assured.Singlecookeinfo" time="1.718" errors="0" timestamp="2024-02-05T16:12:23 IST" skipped="0">
  <testcase classname="rest_assured.Singlecookeinfo" name="Cookiessingle" time="1.718"/>
  <system-out/>
</testsuite> <!-- rest_assured.Singlecookeinfo -->
