<?xml version="1.0" encoding="UTF-8"?>
<!-- Generated by org.testng.reporters.JUnitReportReporter -->
<testsuite hostname="Vyankatesh" failures="0" tests="1" name="rest_assured.Cookies" time="1.710" errors="0" timestamp="2024-02-05T14:23:03 IST" skipped="0">
  <testcase classname="rest_assured.Cookies" name="QueryPathParameter" time="1.710"/>
  <system-out/>
</testsuite> <!-- rest_assured.Cookies -->
