<?xml version="1.0" encoding="UTF-8"?>
<!-- Generated by org.testng.reporters.JUnitReportReporter -->
<testsuite hostname="Vyankatesh" failures="0" tests="1" name="rest_assured.Cookiestest" time="1.331" errors="0" timestamp="2024-02-05T16:09:05 IST" skipped="0">
  <testcase classname="rest_assured.Cookiestest" name="cookies" time="1.331"/>
  <system-out/>
</testsuite> <!-- rest_assured.Cookiestest -->
