<?xml version="1.0" encoding="UTF-8"?>
<!-- Generated by org.testng.reporters.JUnitReportReporter -->
<testsuite hostname="Vyankatesh" failures="0" tests="1" name="rest_assured.Delteapi" time="2.688" errors="0" timestamp="2024-02-05T13:06:51 IST" skipped="0">
  <testcase classname="rest_assured.Delteapi" name="deleteAPI" time="2.688"/>
  <system-out/>
</testsuite> <!-- rest_assured.Delteapi -->
